2022-05-05 03:17:28 - DEBUG - urllib3.connectionpool - Starting new HTTPS connection (1): www.zapimoveis.com.br:443 -
2022-05-05 03:17:28 - DEBUG - urllib3.connectionpool - https://www.zapimoveis.com.br:443 "GET /venda/imoveis/pe+olinda/?pagina=1 HTTP/1.1" 200 None -
2022-05-05 03:17:28 - DEBUG - urllib3.connectionpool - Starting new HTTPS connection (1): www.zapimoveis.com.br:443 -
2022-05-05 03:17:29 - DEBUG - urllib3.connectionpool - https://www.zapimoveis.com.br:443 "GET /venda/imoveis/pe+olinda/?pagina=1 HTTP/1.1" 200 None -
2022-05-05 03:17:29 - DEBUG - urllib3.connectionpool - Starting new HTTPS connection (1): www.zapimoveis.com.br:443 -
2022-05-05 03:17:30 - DEBUG - urllib3.connectionpool - https://www.zapimoveis.com.br:443 "GET /venda/imoveis/pe+olinda/?pagina=2 HTTP/1.1" 200 None -
2022-05-05 03:17:31 - DEBUG - urllib3.connectionpool - Starting new HTTPS connection (1): www.zapimoveis.com.br:443 -
2022-05-05 03:18:01 - DEBUG - urllib3.connectionpool - Starting new HTTPS connection (1): www.zapimoveis.com.br:443 -
2022-05-05 03:18:02 - DEBUG - urllib3.connectionpool - https://www.zapimoveis.com.br:443 "GET /venda/imoveis/pe+olinda/?pagina=1 HTTP/1.1" 200 None -
2022-05-05 03:18:02 - DEBUG - urllib3.connectionpool - Starting new HTTPS connection (1): www.zapimoveis.com.br:443 -
2022-05-05 03:18:02 - DEBUG - urllib3.connectionpool - https://www.zapimoveis.com.br:443 "GET /venda/imoveis/pe+olinda/?pagina=1 HTTP/1.1" 200 None -
2022-05-05 03:18:02 - DEBUG - urllib3.connectionpool - Starting new HTTPS connection (1): www.zapimoveis.com.br:443 -
2022-05-05 03:18:03 - DEBUG - urllib3.connectionpool - https://www.zapimoveis.com.br:443 "GET /venda/imoveis/pe+olinda/?pagina=2 HTTP/1.1" 200 None -
2022-05-05 03:18:03 - DEBUG - urllib3.connectionpool - Starting new HTTPS connection (1): www.zapimoveis.com.br:443 -
2022-05-05 03:18:03 - DEBUG - urllib3.connectionpool - https://www.zapimoveis.com.br:443 "GET /venda/imoveis/pe+olinda/?pagina=3 HTTP/1.1" 200 None -
2022-05-05 03:18:03 - DEBUG - urllib3.connectionpool - Starting new HTTPS connection (1): www.zapimoveis.com.br:443 -
2022-05-05 03:18:03 - DEBUG - urllib3.connectionpool - https://www.zapimoveis.com.br:443 "GET /venda/imoveis/pe+olinda/?pagina=4 HTTP/1.1" 200 None -
2022-05-05 03:18:04 - DEBUG - urllib3.connectionpool - Starting new HTTPS connection (1): www.zapimoveis.com.br:443 -
2022-05-05 03:18:04 - DEBUG - urllib3.connectionpool - https://www.zapimoveis.com.br:443 "GET /venda/imoveis/pe+olinda/?pagina=5 HTTP/1.1" 200 None -
2022-05-05 03:18:04 - DEBUG - urllib3.connectionpool - Starting new HTTPS connection (1): www.zapimoveis.com.br:443 -
2022-05-05 03:18:04 - DEBUG - urllib3.connectionpool - https://www.zapimoveis.com.br:443 "GET /venda/imoveis/pe+olinda/?pagina=6 HTTP/1.1" 200 None -
2022-05-05 03:18:05 - DEBUG - urllib3.connectionpool - Starting new HTTPS connection (1): www.zapimoveis.com.br:443 -
2022-05-05 03:18:06 - DEBUG - urllib3.connectionpool - https://www.zapimoveis.com.br:443 "GET /venda/imoveis/pe+olinda/?pagina=7 HTTP/1.1" 200 None -
2022-05-05 03:18:07 - DEBUG - urllib3.connectionpool - Starting new HTTPS connection (1): www.zapimoveis.com.br:443 -
2022-05-05 03:18:08 - DEBUG - urllib3.connectionpool - https://www.zapimoveis.com.br:443 "GET /venda/imoveis/pe+olinda/?pagina=8 HTTP/1.1" 200 None -
2022-05-05 03:18:08 - DEBUG - urllib3.connectionpool - Starting new HTTPS connection (1): www.zapimoveis.com.br:443 -
2022-05-05 03:18:09 - DEBUG - urllib3.connectionpool - https://www.zapimoveis.com.br:443 "GET /venda/imoveis/pe+olinda/?pagina=9 HTTP/1.1" 200 None -
2022-05-05 03:18:10 - DEBUG - urllib3.connectionpool - Starting new HTTPS connection (1): www.zapimoveis.com.br:443 -
2022-05-05 03:18:11 - DEBUG - urllib3.connectionpool - https://www.zapimoveis.com.br:443 "GET /venda/imoveis/pe+olinda/?pagina=10 HTTP/1.1" 200 None -
2022-05-05 03:18:12 - DEBUG - urllib3.connectionpool - Starting new HTTPS connection (1): www.zapimoveis.com.br:443 -
2022-05-05 03:18:13 - DEBUG - urllib3.connectionpool - https://www.zapimoveis.com.br:443 "GET /venda/imoveis/pe+olinda/?pagina=11 HTTP/1.1" 200 None -
2022-05-05 03:18:13 - DEBUG - urllib3.connectionpool - Starting new HTTPS connection (1): www.zapimoveis.com.br:443 -
2022-05-05 03:18:14 - DEBUG - urllib3.connectionpool - https://www.zapimoveis.com.br:443 "GET /venda/imoveis/pe+olinda/?pagina=12 HTTP/1.1" 200 None -
2022-05-05 03:18:14 - DEBUG - urllib3.connectionpool - Starting new HTTPS connection (1): www.zapimoveis.com.br:443 -
2022-05-05 03:18:15 - DEBUG - urllib3.connectionpool - https://www.zapimoveis.com.br:443 "GET /venda/imoveis/pe+olinda/?pagina=13 HTTP/1.1" 200 None -
2022-05-05 03:18:15 - DEBUG - urllib3.connectionpool - Starting new HTTPS connection (1): www.zapimoveis.com.br:443 -
2022-05-05 03:18:15 - DEBUG - urllib3.connectionpool - https://www.zapimoveis.com.br:443 "GET /venda/imoveis/pe+olinda/?pagina=14 HTTP/1.1" 200 None -
2022-05-05 03:18:15 - DEBUG - urllib3.connectionpool - Starting new HTTPS connection (1): www.zapimoveis.com.br:443 -
2022-05-05 03:18:17 - DEBUG - urllib3.connectionpool - https://www.zapimoveis.com.br:443 "GET /venda/imoveis/pe+olinda/?pagina=15 HTTP/1.1" 200 None -
2022-05-05 03:18:17 - DEBUG - urllib3.connectionpool - Starting new HTTPS connection (1): www.zapimoveis.com.br:443 -
2022-05-05 03:18:18 - DEBUG - urllib3.connectionpool - https://www.zapimoveis.com.br:443 "GET /venda/imoveis/pe+olinda/?pagina=16 HTTP/1.1" 200 None -
2022-05-05 03:18:19 - DEBUG - urllib3.connectionpool - Starting new HTTPS connection (1): www.zapimoveis.com.br:443 -
2022-05-05 03:18:21 - DEBUG - urllib3.connectionpool - https://www.zapimoveis.com.br:443 "GET /venda/imoveis/pe+olinda/?pagina=17 HTTP/1.1" 200 None -
2022-05-05 03:18:21 - DEBUG - urllib3.connectionpool - Starting new HTTPS connection (1): www.zapimoveis.com.br:443 -
2022-05-05 03:18:21 - DEBUG - urllib3.connectionpool - https://www.zapimoveis.com.br:443 "GET /venda/imoveis/pe+olinda/?pagina=18 HTTP/1.1" 200 None -
2022-05-05 03:18:21 - DEBUG - urllib3.connectionpool - Starting new HTTPS connection (1): www.zapimoveis.com.br:443 -
2022-05-05 03:18:22 - DEBUG - urllib3.connectionpool - https://www.zapimoveis.com.br:443 "GET /venda/imoveis/pe+olinda/?pagina=19 HTTP/1.1" 200 None -
2022-05-05 03:18:22 - DEBUG - urllib3.connectionpool - Starting new HTTPS connection (1): www.zapimoveis.com.br:443 -
2022-05-05 03:18:22 - DEBUG - urllib3.connectionpool - https://www.zapimoveis.com.br:443 "GET /venda/imoveis/pe+olinda/?pagina=20 HTTP/1.1" 200 None -
2022-05-05 03:18:22 - DEBUG - urllib3.connectionpool - Starting new HTTPS connection (1): www.zapimoveis.com.br:443 -
2022-05-05 03:18:23 - DEBUG - urllib3.connectionpool - https://www.zapimoveis.com.br:443 "GET /venda/imoveis/pe+olinda/?pagina=21 HTTP/1.1" 200 None -
2022-05-05 03:18:23 - DEBUG - urllib3.connectionpool - Starting new HTTPS connection (1): www.zapimoveis.com.br:443 -
2022-05-05 03:18:23 - DEBUG - urllib3.connectionpool - https://www.zapimoveis.com.br:443 "GET /venda/imoveis/pe+olinda/?pagina=22 HTTP/1.1" 200 None -
2022-05-05 03:18:23 - DEBUG - urllib3.connectionpool - Starting new HTTPS connection (1): www.zapimoveis.com.br:443 -
2022-05-05 03:18:24 - DEBUG - urllib3.connectionpool - https://www.zapimoveis.com.br:443 "GET /venda/imoveis/pe+olinda/?pagina=23 HTTP/1.1" 200 None -
2022-05-05 03:18:24 - DEBUG - urllib3.connectionpool - Starting new HTTPS connection (1): www.zapimoveis.com.br:443 -
2022-05-05 03:18:24 - DEBUG - urllib3.connectionpool - https://www.zapimoveis.com.br:443 "GET /venda/imoveis/pe+olinda/?pagina=24 HTTP/1.1" 200 None -
2022-05-05 03:18:24 - DEBUG - urllib3.connectionpool - Starting new HTTPS connection (1): www.zapimoveis.com.br:443 -
2022-05-05 03:18:24 - DEBUG - urllib3.connectionpool - https://www.zapimoveis.com.br:443 "GET /venda/imoveis/pe+olinda/?pagina=25 HTTP/1.1" 200 None -
2022-05-05 03:18:25 - DEBUG - urllib3.connectionpool - Starting new HTTPS connection (1): www.zapimoveis.com.br:443 -
2022-05-05 03:18:25 - DEBUG - urllib3.connectionpool - https://www.zapimoveis.com.br:443 "GET /venda/imoveis/pe+olinda/?pagina=26 HTTP/1.1" 200 None -
2022-05-05 03:18:25 - DEBUG - urllib3.connectionpool - Starting new HTTPS connection (1): www.zapimoveis.com.br:443 -
2022-05-05 03:18:25 - DEBUG - urllib3.connectionpool - https://www.zapimoveis.com.br:443 "GET /venda/imoveis/pe+olinda/?pagina=27 HTTP/1.1" 200 None -
2022-05-05 03:18:26 - DEBUG - urllib3.connectionpool - Starting new HTTPS connection (1): www.zapimoveis.com.br:443 -
2022-05-05 03:18:26 - DEBUG - urllib3.connectionpool - https://www.zapimoveis.com.br:443 "GET /venda/imoveis/pe+olinda/?pagina=28 HTTP/1.1" 200 None -
2022-05-05 03:18:26 - DEBUG - urllib3.connectionpool - Starting new HTTPS connection (1): www.zapimoveis.com.br:443 -
2022-05-05 03:18:27 - DEBUG - urllib3.connectionpool - https://www.zapimoveis.com.br:443 "GET /venda/imoveis/pe+olinda/?pagina=29 HTTP/1.1" 200 None -
2022-05-05 03:18:27 - DEBUG - urllib3.connectionpool - Starting new HTTPS connection (1): www.zapimoveis.com.br:443 -
2022-05-05 03:18:28 - DEBUG - urllib3.connectionpool - https://www.zapimoveis.com.br:443 "GET /venda/imoveis/pe+olinda/?pagina=30 HTTP/1.1" 200 None -
2022-05-05 03:18:28 - DEBUG - urllib3.connectionpool - Starting new HTTPS connection (1): www.zapimoveis.com.br:443 -
2022-05-05 03:18:29 - DEBUG - urllib3.connectionpool - https://www.zapimoveis.com.br:443 "GET /venda/imoveis/pe+olinda/?pagina=31 HTTP/1.1" 200 None -
2022-05-05 03:18:29 - DEBUG - urllib3.connectionpool - Starting new HTTPS connection (1): www.zapimoveis.com.br:443 -
2022-05-05 03:18:29 - DEBUG - urllib3.connectionpool - https://www.zapimoveis.com.br:443 "GET /venda/imoveis/pe+olinda/?pagina=32 HTTP/1.1" 200 None -
2022-05-05 03:18:30 - DEBUG - urllib3.connectionpool - Starting new HTTPS connection (1): www.zapimoveis.com.br:443 -
2022-05-05 03:18:30 - DEBUG - urllib3.connectionpool - https://www.zapimoveis.com.br:443 "GET /venda/imoveis/pe+olinda/?pagina=33 HTTP/1.1" 200 None -
2022-05-05 03:18:30 - DEBUG - urllib3.connectionpool - Starting new HTTPS connection (1): www.zapimoveis.com.br:443 -
2022-05-05 03:18:30 - DEBUG - urllib3.connectionpool - https://www.zapimoveis.com.br:443 "GET /venda/imoveis/pe+olinda/?pagina=34 HTTP/1.1" 200 None -
2022-05-05 03:18:30 - DEBUG - urllib3.connectionpool - Starting new HTTPS connection (1): www.zapimoveis.com.br:443 -
2022-05-05 03:18:31 - DEBUG - urllib3.connectionpool - https://www.zapimoveis.com.br:443 "GET /venda/imoveis/pe+olinda/?pagina=35 HTTP/1.1" 200 None -
2022-05-05 03:18:31 - DEBUG - urllib3.connectionpool - Starting new HTTPS connection (1): www.zapimoveis.com.br:443 -
2022-05-05 03:18:31 - DEBUG - urllib3.connectionpool - https://www.zapimoveis.com.br:443 "GET /venda/imoveis/pe+olinda/?pagina=36 HTTP/1.1" 200 None -
2022-05-05 03:18:31 - DEBUG - urllib3.connectionpool - Starting new HTTPS connection (1): www.zapimoveis.com.br:443 -
2022-05-05 03:18:32 - DEBUG - urllib3.connectionpool - https://www.zapimoveis.com.br:443 "GET /venda/imoveis/pe+olinda/?pagina=37 HTTP/1.1" 200 None -
2022-05-05 03:18:32 - DEBUG - urllib3.connectionpool - Starting new HTTPS connection (1): www.zapimoveis.com.br:443 -
2022-05-05 03:18:32 - DEBUG - urllib3.connectionpool - https://www.zapimoveis.com.br:443 "GET /venda/imoveis/pe+olinda/?pagina=38 HTTP/1.1" 200 None -
2022-05-05 03:18:32 - DEBUG - urllib3.connectionpool - Starting new HTTPS connection (1): www.zapimoveis.com.br:443 -
2022-05-05 03:18:33 - DEBUG - urllib3.connectionpool - https://www.zapimoveis.com.br:443 "GET /venda/imoveis/pe+olinda/?pagina=39 HTTP/1.1" 200 None -
2022-05-05 03:18:33 - DEBUG - urllib3.connectionpool - Starting new HTTPS connection (1): www.zapimoveis.com.br:443 -
2022-05-05 03:18:34 - DEBUG - urllib3.connectionpool - https://www.zapimoveis.com.br:443 "GET /venda/imoveis/pe+olinda/?pagina=40 HTTP/1.1" 200 None -
2022-05-05 03:18:34 - DEBUG - urllib3.connectionpool - Starting new HTTPS connection (1): www.zapimoveis.com.br:443 -
2022-05-05 03:18:34 - DEBUG - urllib3.connectionpool - https://www.zapimoveis.com.br:443 "GET /venda/imoveis/pe+olinda/?pagina=41 HTTP/1.1" 200 None -
2022-05-05 03:18:34 - DEBUG - urllib3.connectionpool - Starting new HTTPS connection (1): www.zapimoveis.com.br:443 -
2022-05-05 03:18:35 - DEBUG - urllib3.connectionpool - https://www.zapimoveis.com.br:443 "GET /venda/imoveis/pe+olinda/?pagina=42 HTTP/1.1" 200 None -
2022-05-05 03:18:35 - DEBUG - urllib3.connectionpool - Starting new HTTPS connection (1): www.zapimoveis.com.br:443 -
2022-05-05 03:18:36 - DEBUG - urllib3.connectionpool - https://www.zapimoveis.com.br:443 "GET /venda/imoveis/pe+olinda/?pagina=43 HTTP/1.1" 200 None -
2022-05-05 03:18:36 - DEBUG - urllib3.connectionpool - Starting new HTTPS connection (1): www.zapimoveis.com.br:443 -
2022-05-05 03:18:36 - DEBUG - urllib3.connectionpool - https://www.zapimoveis.com.br:443 "GET /venda/imoveis/pe+olinda/?pagina=44 HTTP/1.1" 200 None -
2022-05-05 03:18:36 - DEBUG - urllib3.connectionpool - Starting new HTTPS connection (1): www.zapimoveis.com.br:443 -
2022-05-05 03:18:37 - DEBUG - urllib3.connectionpool - https://www.zapimoveis.com.br:443 "GET /venda/imoveis/pe+olinda/?pagina=45 HTTP/1.1" 200 None -
2022-05-05 03:18:37 - DEBUG - urllib3.connectionpool - Starting new HTTPS connection (1): www.zapimoveis.com.br:443 -
2022-05-05 03:18:37 - DEBUG - urllib3.connectionpool - https://www.zapimoveis.com.br:443 "GET /venda/imoveis/pe+olinda/?pagina=46 HTTP/1.1" 200 None -
2022-05-05 03:18:37 - DEBUG - urllib3.connectionpool - Starting new HTTPS connection (1): www.zapimoveis.com.br:443 -
2022-05-05 03:18:38 - DEBUG - urllib3.connectionpool - https://www.zapimoveis.com.br:443 "GET /venda/imoveis/pe+olinda/?pagina=47 HTTP/1.1" 200 None -
2022-05-05 03:18:38 - DEBUG - urllib3.connectionpool - Starting new HTTPS connection (1): www.zapimoveis.com.br:443 -
2022-05-05 03:18:38 - DEBUG - urllib3.connectionpool - https://www.zapimoveis.com.br:443 "GET /venda/imoveis/pe+olinda/?pagina=48 HTTP/1.1" 200 None -
2022-05-05 03:18:38 - DEBUG - urllib3.connectionpool - Starting new HTTPS connection (1): www.zapimoveis.com.br:443 -
2022-05-05 03:18:39 - DEBUG - urllib3.connectionpool - https://www.zapimoveis.com.br:443 "GET /venda/imoveis/pe+olinda/?pagina=49 HTTP/1.1" 200 None -
2022-05-05 03:18:39 - DEBUG - urllib3.connectionpool - Starting new HTTPS connection (1): www.zapimoveis.com.br:443 -
2022-05-05 03:18:39 - DEBUG - urllib3.connectionpool - https://www.zapimoveis.com.br:443 "GET /venda/imoveis/pe+olinda/?pagina=50 HTTP/1.1" 200 None -
2022-05-05 03:18:39 - DEBUG - urllib3.connectionpool - Starting new HTTPS connection (1): www.zapimoveis.com.br:443 -
2022-05-05 03:18:39 - DEBUG - urllib3.connectionpool - https://www.zapimoveis.com.br:443 "GET /venda/imoveis/pe+olinda/?pagina=51 HTTP/1.1" 200 None -
2022-05-05 03:18:40 - DEBUG - urllib3.connectionpool - Starting new HTTPS connection (1): www.zapimoveis.com.br:443 -
2022-05-05 03:18:40 - DEBUG - urllib3.connectionpool - https://www.zapimoveis.com.br:443 "GET /venda/imoveis/pe+olinda/?pagina=52 HTTP/1.1" 200 None -
2022-05-05 03:18:40 - DEBUG - urllib3.connectionpool - Starting new HTTPS connection (1): www.zapimoveis.com.br:443 -
2022-05-05 03:18:40 - DEBUG - urllib3.connectionpool - https://www.zapimoveis.com.br:443 "GET /venda/imoveis/pe+olinda/?pagina=53 HTTP/1.1" 200 None -
2022-05-05 03:18:40 - DEBUG - urllib3.connectionpool - Starting new HTTPS connection (1): www.zapimoveis.com.br:443 -
2022-05-05 03:18:41 - DEBUG - urllib3.connectionpool - https://www.zapimoveis.com.br:443 "GET /venda/imoveis/pe+olinda/?pagina=54 HTTP/1.1" 200 None -
2022-05-05 03:18:41 - DEBUG - urllib3.connectionpool - Starting new HTTPS connection (1): www.zapimoveis.com.br:443 -
2022-05-05 03:18:42 - DEBUG - urllib3.connectionpool - https://www.zapimoveis.com.br:443 "GET /venda/imoveis/pe+olinda/?pagina=55 HTTP/1.1" 200 None -
2022-05-05 03:18:42 - DEBUG - urllib3.connectionpool - Starting new HTTPS connection (1): www.zapimoveis.com.br:443 -
2022-05-05 03:18:42 - DEBUG - urllib3.connectionpool - https://www.zapimoveis.com.br:443 "GET /venda/imoveis/pe+olinda/?pagina=56 HTTP/1.1" 200 None -
2022-05-05 03:18:42 - DEBUG - urllib3.connectionpool - Starting new HTTPS connection (1): www.zapimoveis.com.br:443 -
2022-05-05 03:18:43 - DEBUG - urllib3.connectionpool - https://www.zapimoveis.com.br:443 "GET /venda/imoveis/pe+olinda/?pagina=57 HTTP/1.1" 200 None -
2022-05-05 03:18:43 - DEBUG - urllib3.connectionpool - Starting new HTTPS connection (1): www.zapimoveis.com.br:443 -
2022-05-05 03:18:43 - DEBUG - urllib3.connectionpool - https://www.zapimoveis.com.br:443 "GET /venda/imoveis/pe+olinda/?pagina=58 HTTP/1.1" 200 None -
2022-05-05 03:18:43 - DEBUG - urllib3.connectionpool - Starting new HTTPS connection (1): www.zapimoveis.com.br:443 -
2022-05-05 03:18:45 - DEBUG - urllib3.connectionpool - https://www.zapimoveis.com.br:443 "GET /venda/imoveis/pe+olinda/?pagina=59 HTTP/1.1" 200 None -
2022-05-05 03:18:45 - DEBUG - urllib3.connectionpool - Starting new HTTPS connection (1): www.zapimoveis.com.br:443 -
2022-05-05 03:18:45 - DEBUG - urllib3.connectionpool - https://www.zapimoveis.com.br:443 "GET /venda/imoveis/pe+olinda/?pagina=60 HTTP/1.1" 200 None -
2022-05-05 03:18:45 - DEBUG - urllib3.connectionpool - Starting new HTTPS connection (1): www.zapimoveis.com.br:443 -
2022-05-05 03:18:47 - DEBUG - urllib3.connectionpool - https://www.zapimoveis.com.br:443 "GET /venda/imoveis/pe+olinda/?pagina=61 HTTP/1.1" 200 None -
2022-05-05 03:18:48 - DEBUG - urllib3.connectionpool - Starting new HTTPS connection (1): www.zapimoveis.com.br:443 -
2022-05-05 03:18:48 - DEBUG - urllib3.connectionpool - https://www.zapimoveis.com.br:443 "GET /venda/imoveis/pe+olinda/?pagina=62 HTTP/1.1" 200 None -
2022-05-05 03:18:49 - DEBUG - urllib3.connectionpool - Starting new HTTPS connection (1): www.zapimoveis.com.br:443 -
2022-05-05 03:18:50 - DEBUG - urllib3.connectionpool - https://www.zapimoveis.com.br:443 "GET /venda/imoveis/pe+olinda/?pagina=63 HTTP/1.1" 200 None -
2022-05-05 03:18:50 - DEBUG - urllib3.connectionpool - Starting new HTTPS connection (1): www.zapimoveis.com.br:443 -
2022-05-05 03:18:50 - DEBUG - urllib3.connectionpool - https://www.zapimoveis.com.br:443 "GET /venda/imoveis/pe+olinda/?pagina=64 HTTP/1.1" 200 None -
2022-05-05 03:18:50 - DEBUG - urllib3.connectionpool - Starting new HTTPS connection (1): www.zapimoveis.com.br:443 -
2022-05-05 03:18:50 - DEBUG - urllib3.connectionpool - https://www.zapimoveis.com.br:443 "GET /venda/imoveis/pe+olinda/?pagina=65 HTTP/1.1" 200 None -
2022-05-05 03:18:51 - DEBUG - urllib3.connectionpool - Starting new HTTPS connection (1): www.zapimoveis.com.br:443 -
2022-05-05 03:18:52 - DEBUG - urllib3.connectionpool - https://www.zapimoveis.com.br:443 "GET /venda/imoveis/pe+olinda/?pagina=66 HTTP/1.1" 200 None -
2022-05-05 03:18:52 - DEBUG - urllib3.connectionpool - Starting new HTTPS connection (1): www.zapimoveis.com.br:443 -
2022-05-05 03:18:52 - DEBUG - urllib3.connectionpool - https://www.zapimoveis.com.br:443 "GET /venda/imoveis/pe+olinda/?pagina=67 HTTP/1.1" 200 None -
2022-05-05 03:18:53 - DEBUG - urllib3.connectionpool - Starting new HTTPS connection (1): www.zapimoveis.com.br:443 -
2022-05-05 03:18:53 - DEBUG - urllib3.connectionpool - https://www.zapimoveis.com.br:443 "GET /venda/imoveis/pe+olinda/?pagina=68 HTTP/1.1" 200 None -
2022-05-05 03:18:53 - DEBUG - urllib3.connectionpool - Starting new HTTPS connection (1): www.zapimoveis.com.br:443 -
2022-05-05 03:18:54 - DEBUG - urllib3.connectionpool - https://www.zapimoveis.com.br:443 "GET /venda/imoveis/pe+olinda/?pagina=69 HTTP/1.1" 200 None -
2022-05-05 03:18:55 - DEBUG - urllib3.connectionpool - Starting new HTTPS connection (1): www.zapimoveis.com.br:443 -
2022-05-05 03:18:55 - DEBUG - urllib3.connectionpool - https://www.zapimoveis.com.br:443 "GET /venda/imoveis/pe+olinda/?pagina=70 HTTP/1.1" 200 None -
2022-05-05 03:18:56 - DEBUG - urllib3.connectionpool - Starting new HTTPS connection (1): www.zapimoveis.com.br:443 -
2022-05-05 03:18:56 - DEBUG - urllib3.connectionpool - https://www.zapimoveis.com.br:443 "GET /venda/imoveis/pe+olinda/?pagina=71 HTTP/1.1" 200 None -
2022-05-05 03:18:56 - DEBUG - urllib3.connectionpool - Starting new HTTPS connection (1): www.zapimoveis.com.br:443 -
2022-05-05 03:18:57 - DEBUG - urllib3.connectionpool - https://www.zapimoveis.com.br:443 "GET /venda/imoveis/pe+olinda/?pagina=72 HTTP/1.1" 200 None -
2022-05-05 03:18:58 - DEBUG - urllib3.connectionpool - Starting new HTTPS connection (1): www.zapimoveis.com.br:443 -
2022-05-05 03:18:58 - DEBUG - urllib3.connectionpool - https://www.zapimoveis.com.br:443 "GET /venda/imoveis/pe+olinda/?pagina=73 HTTP/1.1" 200 None -
2022-05-05 03:18:58 - DEBUG - urllib3.connectionpool - Starting new HTTPS connection (1): www.zapimoveis.com.br:443 -
2022-05-05 03:18:59 - DEBUG - urllib3.connectionpool - https://www.zapimoveis.com.br:443 "GET /venda/imoveis/pe+olinda/?pagina=74 HTTP/1.1" 200 None -
2022-05-05 03:18:59 - DEBUG - urllib3.connectionpool - Starting new HTTPS connection (1): www.zapimoveis.com.br:443 -
2022-05-05 03:19:00 - DEBUG - urllib3.connectionpool - https://www.zapimoveis.com.br:443 "GET /venda/imoveis/pe+olinda/?pagina=75 HTTP/1.1" 200 None -
2022-05-05 03:19:00 - DEBUG - urllib3.connectionpool - Starting new HTTPS connection (1): www.zapimoveis.com.br:443 -
2022-05-05 03:19:00 - DEBUG - urllib3.connectionpool - https://www.zapimoveis.com.br:443 "GET /venda/imoveis/pe+olinda/?pagina=76 HTTP/1.1" 200 None -
2022-05-05 03:19:00 - DEBUG - urllib3.connectionpool - Starting new HTTPS connection (1): www.zapimoveis.com.br:443 -
2022-05-05 03:19:01 - DEBUG - urllib3.connectionpool - https://www.zapimoveis.com.br:443 "GET /venda/imoveis/pe+olinda/?pagina=77 HTTP/1.1" 200 None -
2022-05-05 03:19:01 - DEBUG - urllib3.connectionpool - Starting new HTTPS connection (1): www.zapimoveis.com.br:443 -
2022-05-05 03:19:02 - DEBUG - urllib3.connectionpool - https://www.zapimoveis.com.br:443 "GET /venda/imoveis/pe+olinda/?pagina=78 HTTP/1.1" 200 None -
2022-05-05 03:19:02 - DEBUG - urllib3.connectionpool - Starting new HTTPS connection (1): www.zapimoveis.com.br:443 -
2022-05-05 03:19:04 - DEBUG - urllib3.connectionpool - https://www.zapimoveis.com.br:443 "GET /venda/imoveis/pe+olinda/?pagina=79 HTTP/1.1" 200 None -
2022-05-05 03:19:04 - DEBUG - urllib3.connectionpool - Starting new HTTPS connection (1): www.zapimoveis.com.br:443 -
2022-05-05 03:19:04 - DEBUG - urllib3.connectionpool - https://www.zapimoveis.com.br:443 "GET /venda/imoveis/pe+olinda/?pagina=80 HTTP/1.1" 200 None -
2022-05-05 03:19:04 - DEBUG - urllib3.connectionpool - Starting new HTTPS connection (1): www.zapimoveis.com.br:443 -
2022-05-05 03:19:05 - DEBUG - urllib3.connectionpool - https://www.zapimoveis.com.br:443 "GET /venda/imoveis/pe+olinda/?pagina=81 HTTP/1.1" 200 None -
2022-05-05 03:19:06 - DEBUG - urllib3.connectionpool - Starting new HTTPS connection (1): www.zapimoveis.com.br:443 -
2022-05-05 03:19:06 - DEBUG - urllib3.connectionpool - https://www.zapimoveis.com.br:443 "GET /venda/imoveis/pe+olinda/?pagina=82 HTTP/1.1" 200 None -
2022-05-05 03:19:06 - DEBUG - urllib3.connectionpool - Starting new HTTPS connection (1): www.zapimoveis.com.br:443 -
2022-05-05 03:19:06 - DEBUG - urllib3.connectionpool - https://www.zapimoveis.com.br:443 "GET /venda/imoveis/pe+olinda/?pagina=83 HTTP/1.1" 200 None -
2022-05-05 03:19:07 - DEBUG - urllib3.connectionpool - Starting new HTTPS connection (1): www.zapimoveis.com.br:443 -
2022-05-05 03:19:08 - DEBUG - urllib3.connectionpool - https://www.zapimoveis.com.br:443 "GET /venda/imoveis/pe+olinda/?pagina=84 HTTP/1.1" 200 None -
2022-05-05 03:19:08 - DEBUG - urllib3.connectionpool - Starting new HTTPS connection (1): www.zapimoveis.com.br:443 -
2022-05-05 03:19:08 - DEBUG - urllib3.connectionpool - https://www.zapimoveis.com.br:443 "GET /venda/imoveis/pe+olinda/?pagina=85 HTTP/1.1" 200 None -
2022-05-05 03:19:09 - DEBUG - urllib3.connectionpool - Starting new HTTPS connection (1): www.zapimoveis.com.br:443 -
2022-05-05 03:19:09 - DEBUG - urllib3.connectionpool - https://www.zapimoveis.com.br:443 "GET /venda/imoveis/pe+olinda/?pagina=86 HTTP/1.1" 200 None -
2022-05-05 03:19:09 - DEBUG - urllib3.connectionpool - Starting new HTTPS connection (1): www.zapimoveis.com.br:443 -
2022-05-05 03:19:09 - DEBUG - urllib3.connectionpool - https://www.zapimoveis.com.br:443 "GET /venda/imoveis/pe+olinda/?pagina=87 HTTP/1.1" 200 None -
2022-05-05 03:19:10 - INFO - webscraping_olinda - data collection done -
2022-05-05 03:19:10 - INFO - webscraping_olinda - data product cleaned done -
2022-05-05 03:19:10 - INFO - webscraping_olinda - data insertion done -
